[2025-12-27 23:14:45] [BİLGİ] Bot başlatma protokolü devrede...
[2025-12-27 23:14:45] [BAŞARILI] 6 adet Event başarıyla dinleniyor.
[2025-12-27 23:14:45] [BİLGİ] Dil sistemi başlatılıyor... (Manuel Yükleme Modu)
[2025-12-27 23:14:45] [BİLGİ] Yükleniyor: translation.json
[2025-12-27 23:14:45] [BAŞARILI] Dil paketi yüklendi: English (en)
[2025-12-27 23:14:45] [BİLGİ] Yükleniyor: translation.json
[2025-12-27 23:14:45] [BAŞARILI] Dil paketi yüklendi: Türkçe (tr)
[2025-12-27 23:14:45] [BAŞARILI] Çeviri modülleri başarıyla entegre edildi.
[2025-12-27 23:14:47] [BAŞARILI] Firuze göreve hazır!
[2025-12-27 23:14:47] [BAŞARILI] [VoiceManager] Ses XP sistemi başlatıldı. Aralık: 2.5 dk
[2025-12-27 23:17:17] [BİLGİ] [VoiceManager] Tarama tamamlandı. 2 kullanıcıya XP verildi.
[2025-12-27 23:19:47] [BİLGİ] [VoiceManager] Tarama tamamlandı. 2 kullanıcıya XP verildi.
[2025-12-27 23:22:17] [BİLGİ] [VoiceManager] Tarama tamamlandı. 2 kullanıcıya XP verildi.
[2025-12-27 23:24:47] [BİLGİ] [VoiceManager] Tarama tamamlandı. 1 kullanıcıya XP verildi.
[2025-12-27 23:27:17] [BİLGİ] [VoiceManager] Tarama tamamlandı. 1 kullanıcıya XP verildi.
[2025-12-27 23:29:47] [BİLGİ] [VoiceManager] Tarama tamamlandı. 2 kullanıcıya XP verildi.
[2025-12-27 23:32:17] [BİLGİ] [VoiceManager] Tarama tamamlandı. 2 kullanıcıya XP verildi.
[2025-12-27 23:34:34] [HATA] Uncaught Exception: Unknown interaction
[2025-12-27 23:34:34] [HATA] Stack: DiscordAPIError[10062]: Unknown interaction
    at handleErrors (C:\Users\fatal\Desktop\discord-xp-bot\node_modules\@discordjs\rest\dist\index.js:762:13)
    at process.processTicksAndRejections (node:internal/process/task_queues:105:5)
    at async BurstHandler.runRequest (C:\Users\fatal\Desktop\discord-xp-bot\node_modules\@discordjs\rest\dist\index.js:866:23)
    at async _REST.request (C:\Users\fatal\Desktop\discord-xp-bot\node_modules\@discordjs\rest\dist\index.js:1307:22)
    at async ModalSubmitInteraction.deferReply (C:\Users\fatal\Desktop\discord-xp-bot\node_modules\discord.js\src\structures\interfaces\InteractionResponses.js:122:22)
    at async Client.modalListener (C:\Users\fatal\Desktop\discord-xp-bot\slashCommands\owner\owner.js:161:13)
[2025-12-27 23:34:47] [BİLGİ] [VoiceManager] Tarama tamamlandı. 2 kullanıcıya XP verildi.
[2025-12-27 23:37:17] [BİLGİ] [VoiceManager] Tarama tamamlandı. 2 kullanıcıya XP verildi.
[2025-12-27 23:39:47] [BİLGİ] [VoiceManager] Tarama tamamlandı. 2 kullanıcıya XP verildi.
[2025-12-27 23:42:17] [BİLGİ] [VoiceManager] Tarama tamamlandı. 3 kullanıcıya XP verildi.
[2025-12-27 23:44:47] [BİLGİ] [VoiceManager] Tarama tamamlandı. 3 kullanıcıya XP verildi.
[2025-12-27 23:47:17] [BİLGİ] [VoiceManager] Tarama tamamlandı. 3 kullanıcıya XP verildi.
[2025-12-27 23:49:47] [BİLGİ] [VoiceManager] Tarama tamamlandı. 2 kullanıcıya XP verildi.
[2025-12-27 23:52:17] [BİLGİ] [VoiceManager] Tarama tamamlandı. 2 kullanıcıya XP verildi.
[2025-12-27 23:54:47] [BİLGİ] [VoiceManager] Tarama tamamlandı. 2 kullanıcıya XP verildi.
[2025-12-27 23:57:17] [BİLGİ] [VoiceManager] Tarama tamamlandı. 2 kullanıcıya XP verildi.
[2025-12-27 23:59:47] [BİLGİ] [VoiceManager] Tarama tamamlandı. 3 kullanıcıya XP verildi.
[2025-12-28 00:02:17] [BİLGİ] [VoiceManager] Tarama tamamlandı. 3 kullanıcıya XP verildi.
[2025-12-28 00:04:47] [BİLGİ] [VoiceManager] Tarama tamamlandı. 3 kullanıcıya XP verildi.
[2025-12-28 00:07:17] [BİLGİ] [VoiceManager] Tarama tamamlandı. 3 kullanıcıya XP verildi.
[2025-12-28 00:09:47] [BİLGİ] [VoiceManager] Tarama tamamlandı. 3 kullanıcıya XP verildi.
[2025-12-28 00:12:17] [BİLGİ] [VoiceManager] Tarama tamamlandı. 3 kullanıcıya XP verildi.
[2025-12-28 00:14:47] [BİLGİ] [VoiceManager] Tarama tamamlandı. 3 kullanıcıya XP verildi.
[2025-12-28 00:17:17] [BİLGİ] [VoiceManager] Tarama tamamlandı. 3 kullanıcıya XP verildi.
[2025-12-28 00:19:47] [BİLGİ] [VoiceManager] Tarama tamamlandı. 1 kullanıcıya XP verildi.
[2025-12-28 00:22:17] [BİLGİ] [VoiceManager] Tarama tamamlandı. 2 kullanıcıya XP verildi.
[2025-12-28 00:24:47] [BİLGİ] [VoiceManager] Tarama tamamlandı. 2 kullanıcıya XP verildi.
[2025-12-28 00:27:17] [BİLGİ] [VoiceManager] Tarama tamamlandı. 2 kullanıcıya XP verildi.
[2025-12-28 00:29:47] [BİLGİ] [VoiceManager] Tarama tamamlandı. 2 kullanıcıya XP verildi.
[2025-12-28 00:32:17] [BİLGİ] [VoiceManager] Tarama tamamlandı. 2 kullanıcıya XP verildi.
[2025-12-28 00:34:48] [BİLGİ] [VoiceManager] Tarama tamamlandı. 2 kullanıcıya XP verildi.
[2025-12-28 00:37:17] [BİLGİ] [VoiceManager] Tarama tamamlandı. 2 kullanıcıya XP verildi.
[2025-12-28 00:39:47] [BİLGİ] [VoiceManager] Tarama tamamlandı. 2 kullanıcıya XP verildi.
[2025-12-28 00:42:17] [BİLGİ] [VoiceManager] Tarama tamamlandı. 3 kullanıcıya XP verildi.
[2025-12-28 00:44:47] [BİLGİ] [VoiceManager] Tarama tamamlandı. 3 kullanıcıya XP verildi.
[2025-12-28 00:47:17] [BİLGİ] [VoiceManager] Tarama tamamlandı. 3 kullanıcıya XP verildi.
[2025-12-28 00:49:47] [BİLGİ] [VoiceManager] Tarama tamamlandı. 2 kullanıcıya XP verildi.
[2025-12-28 00:52:17] [BİLGİ] [VoiceManager] Tarama tamamlandı. 2 kullanıcıya XP verildi.
[2025-12-28 00:54:47] [BİLGİ] [VoiceManager] Tarama tamamlandı. 2 kullanıcıya XP verildi.
[2025-12-28 00:57:17] [BİLGİ] [VoiceManager] Tarama tamamlandı. 2 kullanıcıya XP verildi.
[2025-12-28 00:59:47] [BİLGİ] [VoiceManager] Tarama tamamlandı. 2 kullanıcıya XP verildi.
[2025-12-28 01:02:17] [BİLGİ] [VoiceManager] Tarama tamamlandı. 2 kullanıcıya XP verildi.
[2025-12-28 01:04:47] [BİLGİ] [VoiceManager] Tarama tamamlandı. 4 kullanıcıya XP verildi.
[2025-12-28 01:07:17] [BİLGİ] [VoiceManager] Tarama tamamlandı. 4 kullanıcıya XP verildi.
[2025-12-28 01:09:47] [BİLGİ] [VoiceManager] Tarama tamamlandı. 5 kullanıcıya XP verildi.
[2025-12-28 01:12:17] [BİLGİ] [VoiceManager] Tarama tamamlandı. 4 kullanıcıya XP verildi.
[2025-12-28 01:14:47] [BİLGİ] [VoiceManager] Tarama tamamlandı. 4 kullanıcıya XP verildi.
[2025-12-28 01:17:17] [BİLGİ] [VoiceManager] Tarama tamamlandı. 5 kullanıcıya XP verildi.
[2025-12-28 01:19:48] [BİLGİ] [VoiceManager] Tarama tamamlandı. 5 kullanıcıya XP verildi.
[2025-12-28 01:22:18] [BİLGİ] [VoiceManager] Tarama tamamlandı. 5 kullanıcıya XP verildi.
[2025-12-28 01:24:48] [BİLGİ] [VoiceManager] Tarama tamamlandı. 5 kullanıcıya XP verildi.
[2025-12-28 01:27:18] [BİLGİ] [VoiceManager] Tarama tamamlandı. 5 kullanıcıya XP verildi.
[2025-12-28 01:29:48] [BİLGİ] [VoiceManager] Tarama tamamlandı. 5 kullanıcıya XP verildi.
[2025-12-28 01:32:18] [BİLGİ] [VoiceManager] Tarama tamamlandı. 5 kullanıcıya XP verildi.
[2025-12-28 01:34:48] [BİLGİ] [VoiceManager] Tarama tamamlandı. 5 kullanıcıya XP verildi.
[2025-12-28 01:37:18] [BİLGİ] [VoiceManager] Tarama tamamlandı. 5 kullanıcıya XP verildi.
[2025-12-28 01:39:48] [BİLGİ] [VoiceManager] Tarama tamamlandı. 5 kullanıcıya XP verildi.
[2025-12-28 01:42:18] [BİLGİ] [VoiceManager] Tarama tamamlandı. 4 kullanıcıya XP verildi.
[2025-12-28 01:44:48] [BİLGİ] [VoiceManager] Tarama tamamlandı. 5 kullanıcıya XP verildi.
[2025-12-28 01:47:18] [BİLGİ] [VoiceManager] Tarama tamamlandı. 5 kullanıcıya XP verildi.
[2025-12-28 01:49:48] [BİLGİ] [VoiceManager] Tarama tamamlandı. 5 kullanıcıya XP verildi.
[2025-12-28 01:52:18] [BİLGİ] [VoiceManager] Tarama tamamlandı. 5 kullanıcıya XP verildi.
[2025-12-28 01:54:48] [BİLGİ] [VoiceManager] Tarama tamamlandı. 5 kullanıcıya XP verildi.
[2025-12-28 01:57:18] [BİLGİ] [VoiceManager] Tarama tamamlandı. 3 kullanıcıya XP verildi.
[2025-12-28 01:59:48] [BİLGİ] [VoiceManager] Tarama tamamlandı. 1 kullanıcıya XP verildi.
[2025-12-28 02:02:18] [BİLGİ] [VoiceManager] Tarama tamamlandı. 1 kullanıcıya XP verildi.
[2025-12-28 02:04:48] [BİLGİ] [VoiceManager] Tarama tamamlandı. 2 kullanıcıya XP verildi.
[2025-12-28 02:07:18] [BİLGİ] [VoiceManager] Tarama tamamlandı. 2 kullanıcıya XP verildi.
[2025-12-28 02:09:48] [BİLGİ] [VoiceManager] Tarama tamamlandı. 2 kullanıcıya XP verildi.
[2025-12-28 02:12:18] [BİLGİ] [VoiceManager] Tarama tamamlandı. 2 kullanıcıya XP verildi.
[2025-12-28 02:14:48] [BİLGİ] [VoiceManager] Tarama tamamlandı. 2 kullanıcıya XP verildi.
[2025-12-28 02:17:18] [BİLGİ] [VoiceManager] Tarama tamamlandı. 2 kullanıcıya XP verildi.
[2025-12-28 02:19:48] [BİLGİ] [VoiceManager] Tarama tamamlandı. 3 kullanıcıya XP verildi.
[2025-12-28 02:22:18] [BİLGİ] [VoiceManager] Tarama tamamlandı. 3 kullanıcıya XP verildi.
[2025-12-28 02:24:48] [BİLGİ] [VoiceManager] Tarama tamamlandı. 3 kullanıcıya XP verildi.
[2025-12-28 02:27:18] [BİLGİ] [VoiceManager] Tarama tamamlandı. 3 kullanıcıya XP verildi.
[2025-12-28 02:29:48] [BİLGİ] [VoiceManager] Tarama tamamlandı. 3 kullanıcıya XP verildi.
[2025-12-28 02:32:18] [BİLGİ] [VoiceManager] Tarama tamamlandı. 3 kullanıcıya XP verildi.
[2025-12-28 02:34:48] [BİLGİ] [VoiceManager] Tarama tamamlandı. 3 kullanıcıya XP verildi.
[2025-12-28 02:37:18] [BİLGİ] [VoiceManager] Tarama tamamlandı. 3 kullanıcıya XP verildi.
[2025-12-28 02:39:48] [BİLGİ] [VoiceManager] Tarama tamamlandı. 3 kullanıcıya XP verildi.
[2025-12-28 02:42:18] [BİLGİ] [VoiceManager] Tarama tamamlandı. 3 kullanıcıya XP verildi.
[2025-12-28 02:44:48] [BİLGİ] [VoiceManager] Tarama tamamlandı. 3 kullanıcıya XP verildi.
[2025-12-28 02:47:18] [BİLGİ] [VoiceManager] Tarama tamamlandı. 3 kullanıcıya XP verildi.
[2025-12-28 02:49:48] [BİLGİ] [VoiceManager] Tarama tamamlandı. 3 kullanıcıya XP verildi.
[2025-12-28 02:52:18] [BİLGİ] [VoiceManager] Tarama tamamlandı. 3 kullanıcıya XP verildi.
[2025-12-28 02:54:48] [BİLGİ] [VoiceManager] Tarama tamamlandı. 3 kullanıcıya XP verildi.
[2025-12-28 18:39:49] [BİLGİ] [VoiceManager] Tarama tamamlandı. 1 kullanıcıya XP verildi.
[2025-12-28 18:42:19] [BİLGİ] [VoiceManager] Tarama tamamlandı. 1 kullanıcıya XP verildi.
[2025-12-28 18:44:49] [BİLGİ] [VoiceManager] Tarama tamamlandı. 1 kullanıcıya XP verildi.
[2025-12-28 20:47:20] [BİLGİ] [VoiceManager] Tarama tamamlandı. 1 kullanıcıya XP verildi.
[2025-12-28 20:49:50] [BİLGİ] [VoiceManager] Tarama tamamlandı. 1 kullanıcıya XP verildi.
[2025-12-28 20:52:20] [BİLGİ] [VoiceManager] Tarama tamamlandı. 1 kullanıcıya XP verildi.
[2025-12-28 20:54:50] [BİLGİ] [VoiceManager] Tarama tamamlandı. 2 kullanıcıya XP verildi.
[2025-12-28 20:57:20] [BİLGİ] [VoiceManager] Tarama tamamlandı. 2 kullanıcıya XP verildi.
[2025-12-28 20:59:50] [BİLGİ] [VoiceManager] Tarama tamamlandı. 2 kullanıcıya XP verildi.
[2025-12-28 21:02:20] [BİLGİ] [VoiceManager] Tarama tamamlandı. 2 kullanıcıya XP verildi.
[2025-12-28 21:04:50] [BİLGİ] [VoiceManager] Tarama tamamlandı. 2 kullanıcıya XP verildi.
[2025-12-28 21:07:20] [BİLGİ] [VoiceManager] Tarama tamamlandı. 2 kullanıcıya XP verildi.
[2025-12-28 21:09:50] [BİLGİ] [VoiceManager] Tarama tamamlandı. 1 kullanıcıya XP verildi.
[2025-12-28 21:34:50] [BİLGİ] [VoiceManager] Tarama tamamlandı. 2 kullanıcıya XP verildi.
[2025-12-28 21:37:20] [BİLGİ] [VoiceManager] Tarama tamamlandı. 2 kullanıcıya XP verildi.
[2025-12-28 21:39:50] [BİLGİ] [VoiceManager] Tarama tamamlandı. 2 kullanıcıya XP verildi.
[2025-12-28 21:42:20] [BİLGİ] [VoiceManager] Tarama tamamlandı. 2 kullanıcıya XP verildi.
[2025-12-28 21:44:50] [BİLGİ] [VoiceManager] Tarama tamamlandı. 2 kullanıcıya XP verildi.
[2025-12-28 21:47:20] [BİLGİ] [VoiceManager] Tarama tamamlandı. 2 kullanıcıya XP verildi.
[2025-12-28 21:49:50] [BİLGİ] [VoiceManager] Tarama tamamlandı. 2 kullanıcıya XP verildi.
[2025-12-28 21:52:20] [BİLGİ] [VoiceManager] Tarama tamamlandı. 2 kullanıcıya XP verildi.
[2025-12-28 21:54:50] [BİLGİ] [VoiceManager] Tarama tamamlandı. 2 kullanıcıya XP verildi.
[2025-12-28 21:57:20] [BİLGİ] [VoiceManager] Tarama tamamlandı. 2 kullanıcıya XP verildi.
[2025-12-28 21:59:50] [BİLGİ] [VoiceManager] Tarama tamamlandı. 2 kullanıcıya XP verildi.
[2025-12-28 22:02:20] [BİLGİ] [VoiceManager] Tarama tamamlandı. 2 kullanıcıya XP verildi.
[2025-12-28 22:04:50] [BİLGİ] [VoiceManager] Tarama tamamlandı. 2 kullanıcıya XP verildi.
[2025-12-28 22:07:20] [BİLGİ] [VoiceManager] Tarama tamamlandı. 2 kullanıcıya XP verildi.
[2025-12-28 22:09:50] [BİLGİ] [VoiceManager] Tarama tamamlandı. 2 kullanıcıya XP verildi.
[2025-12-28 22:12:20] [BİLGİ] [VoiceManager] Tarama tamamlandı. 2 kullanıcıya XP verildi.
[2025-12-28 22:14:50] [BİLGİ] [VoiceManager] Tarama tamamlandı. 2 kullanıcıya XP verildi.
[2025-12-28 22:17:20] [BİLGİ] [VoiceManager] Tarama tamamlandı. 2 kullanıcıya XP verildi.
[2025-12-28 22:19:50] [BİLGİ] [VoiceManager] Tarama tamamlandı. 1 kullanıcıya XP verildi.
[2025-12-28 22:22:20] [BİLGİ] [VoiceManager] Tarama tamamlandı. 1 kullanıcıya XP verildi.
[2025-12-28 22:24:50] [BİLGİ] [VoiceManager] Tarama tamamlandı. 1 kullanıcıya XP verildi.
[2025-12-28 22:27:20] [BİLGİ] [VoiceManager] Tarama tamamlandı. 1 kullanıcıya XP verildi.
[2025-12-28 22:29:50] [BİLGİ] [VoiceManager] Tarama tamamlandı. 1 kullanıcıya XP verildi.
[2025-12-28 22:32:20] [BİLGİ] [VoiceManager] Tarama tamamlandı. 1 kullanıcıya XP verildi.
[2025-12-28 22:34:50] [BİLGİ] [VoiceManager] Tarama tamamlandı. 1 kullanıcıya XP verildi.
[2025-12-28 22:37:20] [BİLGİ] [VoiceManager] Tarama tamamlandı. 1 kullanıcıya XP verildi.
[2025-12-28 22:39:50] [BİLGİ] [VoiceManager] Tarama tamamlandı. 1 kullanıcıya XP verildi.
[2025-12-28 22:42:20] [BİLGİ] [VoiceManager] Tarama tamamlandı. 1 kullanıcıya XP verildi.
[2025-12-28 22:44:50] [BİLGİ] [VoiceManager] Tarama tamamlandı. 1 kullanıcıya XP verildi.
[2025-12-28 22:47:20] [BİLGİ] [VoiceManager] Tarama tamamlandı. 1 kullanıcıya XP verildi.
[2025-12-28 22:49:50] [BİLGİ] [VoiceManager] Tarama tamamlandı. 1 kullanıcıya XP verildi.
[2025-12-28 22:52:20] [BİLGİ] [VoiceManager] Tarama tamamlandı. 1 kullanıcıya XP verildi.
[2025-12-28 22:54:50] [BİLGİ] [VoiceManager] Tarama tamamlandı. 1 kullanıcıya XP verildi.
[2025-12-28 22:57:20] [BİLGİ] [VoiceManager] Tarama tamamlandı. 1 kullanıcıya XP verildi.
[2025-12-28 22:59:50] [BİLGİ] [VoiceManager] Tarama tamamlandı. 1 kullanıcıya XP verildi.
[2025-12-28 23:02:20] [BİLGİ] [VoiceManager] Tarama tamamlandı. 1 kullanıcıya XP verildi.
[2025-12-28 23:04:50] [BİLGİ] [VoiceManager] Tarama tamamlandı. 1 kullanıcıya XP verildi.
[2025-12-28 23:07:20] [BİLGİ] [VoiceManager] Tarama tamamlandı. 1 kullanıcıya XP verildi.
[2025-12-28 23:09:50] [BİLGİ] [VoiceManager] Tarama tamamlandı. 1 kullanıcıya XP verildi.
[2025-12-28 23:12:20] [BİLGİ] [VoiceManager] Tarama tamamlandı. 1 kullanıcıya XP verildi.
[2025-12-28 23:14:50] [BİLGİ] [VoiceManager] Tarama tamamlandı. 1 kullanıcıya XP verildi.
[2025-12-28 23:17:20] [BİLGİ] [VoiceManager] Tarama tamamlandı. 1 kullanıcıya XP verildi.
[2025-12-28 23:19:50] [BİLGİ] [VoiceManager] Tarama tamamlandı. 1 kullanıcıya XP verildi.
[2025-12-28 23:22:20] [BİLGİ] [VoiceManager] Tarama tamamlandı. 1 kullanıcıya XP verildi.
[2025-12-28 23:24:50] [BİLGİ] [VoiceManager] Tarama tamamlandı. 1 kullanıcıya XP verildi.
[2025-12-28 23:27:20] [BİLGİ] [VoiceManager] Tarama tamamlandı. 1 kullanıcıya XP verildi.
[2025-12-28 23:29:50] [BİLGİ] [VoiceManager] Tarama tamamlandı. 1 kullanıcıya XP verildi.
[2025-12-28 23:32:20] [BİLGİ] [VoiceManager] Tarama tamamlandı. 1 kullanıcıya XP verildi.
[2025-12-28 23:34:50] [BİLGİ] [VoiceManager] Tarama tamamlandı. 1 kullanıcıya XP verildi.
[2025-12-28 23:37:20] [BİLGİ] [VoiceManager] Tarama tamamlandı. 1 kullanıcıya XP verildi.
[2025-12-28 23:39:50] [BİLGİ] [VoiceManager] Tarama tamamlandı. 1 kullanıcıya XP verildi.
[2025-12-29 05:07:50] [BİLGİ] [VoiceManager] Tarama tamamlandı. 1 kullanıcıya XP verildi.
[2025-12-29 12:05:21] [BİLGİ] [VoiceManager] Tarama tamamlandı. 2 kullanıcıya XP verildi.
[2025-12-29 12:07:51] [BİLGİ] [VoiceManager] Tarama tamamlandı. 2 kullanıcıya XP verildi.
[2025-12-29 12:10:21] [BİLGİ] [VoiceManager] Tarama tamamlandı. 2 kullanıcıya XP verildi.
[2025-12-29 12:12:51] [BİLGİ] [VoiceManager] Tarama tamamlandı. 2 kullanıcıya XP verildi.
[2025-12-29 15:57:51] [BİLGİ] [VoiceManager] Tarama tamamlandı. 1 kullanıcıya XP verildi.
[2025-12-29 16:00:21] [BİLGİ] [VoiceManager] Tarama tamamlandı. 1 kullanıcıya XP verildi.
[2025-12-29 16:02:51] [BİLGİ] [VoiceManager] Tarama tamamlandı. 1 kullanıcıya XP verildi.
[2025-12-29 16:05:21] [BİLGİ] [VoiceManager] Tarama tamamlandı. 1 kullanıcıya XP verildi.
[2025-12-29 16:07:51] [BİLGİ] [VoiceManager] Tarama tamamlandı. 1 kullanıcıya XP verildi.
[2025-12-29 16:10:21] [BİLGİ] [VoiceManager] Tarama tamamlandı. 1 kullanıcıya XP verildi.
[2025-12-29 16:12:51] [BİLGİ] [VoiceManager] Tarama tamamlandı. 1 kullanıcıya XP verildi.
[2025-12-29 16:15:21] [BİLGİ] [VoiceManager] Tarama tamamlandı. 1 kullanıcıya XP verildi.
[2025-12-29 16:17:51] [BİLGİ] [VoiceManager] Tarama tamamlandı. 1 kullanıcıya XP verildi.
[2025-12-29 16:20:21] [BİLGİ] [VoiceManager] Tarama tamamlandı. 1 kullanıcıya XP verildi.
[2025-12-29 16:22:51] [BİLGİ] [VoiceManager] Tarama tamamlandı. 1 kullanıcıya XP verildi.
[2025-12-29 16:25:21] [BİLGİ] [VoiceManager] Tarama tamamlandı. 1 kullanıcıya XP verildi.
[2025-12-29 16:27:51] [BİLGİ] [VoiceManager] Tarama tamamlandı. 1 kullanıcıya XP verildi.
[2025-12-29 16:30:21] [BİLGİ] [VoiceManager] Tarama tamamlandı. 1 kullanıcıya XP verildi.
[2025-12-29 16:32:51] [BİLGİ] [VoiceManager] Tarama tamamlandı. 1 kullanıcıya XP verildi.
[2025-12-29 16:35:21] [BİLGİ] [VoiceManager] Tarama tamamlandı. 1 kullanıcıya XP verildi.
[2025-12-29 21:45:57] [BİLGİ] Bot başlatma protokolü devrede...
[2025-12-29 21:45:57] [BAŞARILI] 6 adet Event başarıyla dinleniyor.
[2025-12-29 21:45:57] [BİLGİ] Dil sistemi başlatılıyor... (Manuel Yükleme Modu)
[2025-12-29 21:45:57] [BİLGİ] Yükleniyor: translation.json
[2025-12-29 21:45:57] [BAŞARILI] Dil paketi yüklendi: English (en)
[2025-12-29 21:45:57] [BİLGİ] Yükleniyor: translation.json
[2025-12-29 21:45:57] [BAŞARILI] Dil paketi yüklendi: Türkçe (tr)
[2025-12-29 21:45:57] [BAŞARILI] Çeviri modülleri başarıyla entegre edildi.
[2025-12-29 21:45:59] [BAŞARILI] Firuze göreve hazır!
[2025-12-29 21:45:59] [BAŞARILI] [VoiceManager] Ses XP sistemi başlatıldı. Aralık: 2.5 dk
[2025-12-29 21:46:04] [HATA] Unhandled Rejection: TypeError: db.prepare is not a function
[2025-12-29 21:46:04] [HATA] Stack: TypeError: db.prepare is not a function
    at InteractionCollector.<anonymous> (C:\Users\fatal\Desktop\discord-xp-bot\slashCommands\info\settings.js:114:26)
    at InteractionCollector.emit (node:events:531:35)
    at InteractionCollector.handleCollect (C:\Users\fatal\Desktop\discord-xp-bot\node_modules\discord.js\src\structures\interfaces\Collector.js:133:14)
    at process.processTicksAndRejections (node:internal/process/task_queues:105:5)
[2025-12-29 21:53:22] [BİLGİ] Bot başlatma protokolü devrede...
[2025-12-29 21:53:22] [BAŞARILI] 6 adet Event başarıyla dinleniyor.
[2025-12-29 21:53:22] [BİLGİ] Dil sistemi başlatılıyor... (Manuel Yükleme Modu)
[2025-12-29 21:53:22] [BİLGİ] Yükleniyor: translation.json
[2025-12-29 21:53:22] [BAŞARILI] Dil paketi yüklendi: English (en)
[2025-12-29 21:53:22] [BİLGİ] Yükleniyor: translation.json
[2025-12-29 21:53:22] [BAŞARILI] Dil paketi yüklendi: Türkçe (tr)
[2025-12-29 21:53:22] [BAŞARILI] Çeviri modülleri başarıyla entegre edildi.
[2025-12-29 21:53:24] [BAŞARILI] Firuze göreve hazır!
[2025-12-29 21:53:24] [BAŞARILI] [VoiceManager] Ses XP sistemi başlatıldı. Aralık: 2.5 dk
[2025-12-29 21:56:04] [BİLGİ] Bot başlatma protokolü devrede...
[2025-12-29 21:56:05] [BAŞARILI] 6 adet Event başarıyla dinleniyor.
[2025-12-29 21:56:05] [BİLGİ] Dil sistemi başlatılıyor... (Manuel Yükleme Modu)
[2025-12-29 21:56:05] [BİLGİ] Yükleniyor: translation.json
[2025-12-29 21:56:05] [BAŞARILI] Dil paketi yüklendi: English (en)
[2025-12-29 21:56:05] [BİLGİ] Yükleniyor: translation.json
[2025-12-29 21:56:05] [BAŞARILI] Dil paketi yüklendi: Türkçe (tr)
[2025-12-29 21:56:05] [BAŞARILI] Çeviri modülleri başarıyla entegre edildi.
[2025-12-29 21:56:06] [BAŞARILI] Firuze göreve hazır!
[2025-12-29 21:56:06] [BAŞARILI] [VoiceManager] Ses XP sistemi başlatıldı. Aralık: 2.5 dk
[2025-12-29 21:56:24] [BİLGİ] Bot başlatma protokolü devrede...
[2025-12-29 21:56:25] [BAŞARILI] 6 adet Event başarıyla dinleniyor.
[2025-12-29 21:56:25] [BİLGİ] Dil sistemi başlatılıyor... (Manuel Yükleme Modu)
[2025-12-29 21:56:25] [BİLGİ] Yükleniyor: translation.json
[2025-12-29 21:56:25] [BAŞARILI] Dil paketi yüklendi: English (en)
[2025-12-29 21:56:25] [BİLGİ] Yükleniyor: translation.json
[2025-12-29 21:56:25] [BAŞARILI] Dil paketi yüklendi: Türkçe (tr)
[2025-12-29 21:56:25] [BAŞARILI] Çeviri modülleri başarıyla entegre edildi.
[2025-12-29 21:56:26] [BAŞARILI] Firuze göreve hazır!
[2025-12-29 21:56:26] [BAŞARILI] [VoiceManager] Ses XP sistemi başlatıldı. Aralık: 2.5 dk
[2025-12-29 22:07:38] [BİLGİ] Bot başlatma protokolü devrede...
[2025-12-29 22:07:38] [BAŞARILI] 6 adet Event başarıyla dinleniyor.
[2025-12-29 22:07:38] [BİLGİ] Dil sistemi başlatılıyor... (Manuel Yükleme Modu)
[2025-12-29 22:07:38] [BİLGİ] Yükleniyor: translation.json
[2025-12-29 22:07:38] [BAŞARILI] Dil paketi yüklendi: English (en)
[2025-12-29 22:07:38] [BİLGİ] Yükleniyor: translation.json
[2025-12-29 22:07:38] [BAŞARILI] Dil paketi yüklendi: Türkçe (tr)
[2025-12-29 22:07:38] [BAŞARILI] Çeviri modülleri başarıyla entegre edildi.
[2025-12-29 22:07:40] [BAŞARILI] Firuze göreve hazır!
[2025-12-29 22:07:40] [BAŞARILI] [VoiceManager] Ses XP sistemi başlatıldı. Aralık: 2.5 dk
[2025-12-29 22:43:30] [BİLGİ] Bot başlatma protokolü devrede...
[2025-12-29 22:43:31] [BAŞARILI] 6 adet Event başarıyla dinleniyor.
[2025-12-29 22:43:31] [BİLGİ] Dil sistemi başlatılıyor... (Manuel Yükleme Modu)
[2025-12-29 22:43:31] [BİLGİ] Yükleniyor: translation.json
[2025-12-29 22:43:31] [BAŞARILI] Dil paketi yüklendi: English (en)
[2025-12-29 22:43:31] [BİLGİ] Yükleniyor: translation.json
[2025-12-29 22:43:31] [BAŞARILI] Dil paketi yüklendi: Türkçe (tr)
[2025-12-29 22:43:31] [BAŞARILI] Çeviri modülleri başarıyla entegre edildi.
[2025-12-29 22:43:33] [BAŞARILI] Firuze göreve hazır!
[2025-12-29 22:43:33] [BAŞARILI] [VoiceManager] Ses XP sistemi başlatıldı. Aralık: 2.5 dk
[2025-12-30 00:26:03] [BİLGİ] [VoiceManager] Tarama tamamlandı. 1 kullanıcıya XP verildi.
[2025-12-30 00:28:33] [BİLGİ] [VoiceManager] Tarama tamamlandı. 1 kullanıcıya XP verildi.
[2025-12-30 00:31:03] [BİLGİ] [VoiceManager] Tarama tamamlandı. 2 kullanıcıya XP verildi.
[2025-12-30 00:33:33] [BİLGİ] [VoiceManager] Tarama tamamlandı. 2 kullanıcıya XP verildi.
[2025-12-30 00:36:03] [BİLGİ] [VoiceManager] Tarama tamamlandı. 2 kullanıcıya XP verildi.
[2025-12-30 00:38:33] [BİLGİ] [VoiceManager] Tarama tamamlandı. 2 kullanıcıya XP verildi.
[2025-12-30 00:41:03] [BİLGİ] [VoiceManager] Tarama tamamlandı. 2 kullanıcıya XP verildi.
[2025-12-30 00:43:33] [BİLGİ] [VoiceManager] Tarama tamamlandı. 2 kullanıcıya XP verildi.
[2025-12-30 00:46:03] [BİLGİ] [VoiceManager] Tarama tamamlandı. 2 kullanıcıya XP verildi.
[2025-12-30 00:48:33] [BİLGİ] [VoiceManager] Tarama tamamlandı. 2 kullanıcıya XP verildi.
[2025-12-30 00:51:03] [BİLGİ] [VoiceManager] Tarama tamamlandı. 2 kullanıcıya XP verildi.
[2025-12-30 00:53:33] [BİLGİ] [VoiceManager] Tarama tamamlandı. 2 kullanıcıya XP verildi.
[2025-12-30 00:56:03] [BİLGİ] [VoiceManager] Tarama tamamlandı. 2 kullanıcıya XP verildi.
[2025-12-30 23:30:05] [BİLGİ] Bot başlatma protokolü devrede...
[2025-12-30 23:30:09] [BAŞARILI] 6 adet Event başarıyla dinleniyor.
[2025-12-30 23:30:09] [BİLGİ] Dil sistemi başlatılıyor... (Manuel Yükleme Modu)
[2025-12-30 23:30:09] [BİLGİ] Yükleniyor: translation.json
[2025-12-30 23:30:09] [BAŞARILI] Dil paketi yüklendi: English (en)
[2025-12-30 23:30:09] [BİLGİ] Yükleniyor: translation.json
[2025-12-30 23:30:09] [BAŞARILI] Dil paketi yüklendi: Türkçe (tr)
[2025-12-30 23:30:09] [BAŞARILI] Çeviri modülleri başarıyla entegre edildi.
[2025-12-30 23:30:10] [BAŞARILI] Firuze göreve hazır!
[2025-12-30 23:30:11] [BAŞARILI] [VoiceManager] Ses XP sistemi başlatıldı. Aralık: 2.5 dk
[2025-12-30 23:32:41] [BİLGİ] [VoiceManager] Tarama tamamlandı. 2 kullanıcıya XP verildi.
[2025-12-30 23:35:11] [BİLGİ] [VoiceManager] Tarama tamamlandı. 2 kullanıcıya XP verildi.
[2025-12-30 23:37:41] [BİLGİ] [VoiceManager] Tarama tamamlandı. 2 kullanıcıya XP verildi.
[2025-12-30 23:40:11] [BİLGİ] [VoiceManager] Tarama tamamlandı. 2 kullanıcıya XP verildi.
[2025-12-30 23:42:41] [BİLGİ] [VoiceManager] Tarama tamamlandı. 2 kullanıcıya XP verildi.
[2025-12-30 23:45:11] [BİLGİ] [VoiceManager] Tarama tamamlandı. 2 kullanıcıya XP verildi.
[2025-12-30 23:47:41] [BİLGİ] [VoiceManager] Tarama tamamlandı. 2 kullanıcıya XP verildi.
[2025-12-30 23:50:11] [BİLGİ] [VoiceManager] Tarama tamamlandı. 2 kullanıcıya XP verildi.
[2025-12-30 23:52:41] [BİLGİ] [VoiceManager] Tarama tamamlandı. 2 kullanıcıya XP verildi.
[2025-12-30 23:55:11] [BİLGİ] [VoiceManager] Tarama tamamlandı. 2 kullanıcıya XP verildi.
[2025-12-30 23:57:41] [BİLGİ] [VoiceManager] Tarama tamamlandı. 2 kullanıcıya XP verildi.
[2025-12-31 00:00:11] [BİLGİ] [VoiceManager] Tarama tamamlandı. 2 kullanıcıya XP verildi.
[2025-12-31 00:02:41] [BİLGİ] [VoiceManager] Tarama tamamlandı. 2 kullanıcıya XP verildi.
[2025-12-31 00:05:11] [BİLGİ] [VoiceManager] Tarama tamamlandı. 2 kullanıcıya XP verildi.
[2025-12-31 00:07:41] [BİLGİ] [VoiceManager] Tarama tamamlandı. 2 kullanıcıya XP verildi.
[2025-12-31 00:10:11] [BİLGİ] [VoiceManager] Tarama tamamlandı. 2 kullanıcıya XP verildi.
[2025-12-31 00:12:41] [BİLGİ] [VoiceManager] Tarama tamamlandı. 2 kullanıcıya XP verildi.
[2025-12-31 00:15:11] [BİLGİ] [VoiceManager] Tarama tamamlandı. 2 kullanıcıya XP verildi.
[2025-12-31 00:17:41] [BİLGİ] [VoiceManager] Tarama tamamlandı. 2 kullanıcıya XP verildi.
[2025-12-31 00:20:11] [BİLGİ] [VoiceManager] Tarama tamamlandı. 2 kullanıcıya XP verildi.
[2025-12-31 00:22:41] [BİLGİ] [VoiceManager] Tarama tamamlandı. 2 kullanıcıya XP verildi.
[2025-12-31 00:26:48] [BİLGİ] Bot başlatma protokolü devrede...
[2025-12-31 00:26:48] [BAŞARILI] 6 adet Event başarıyla dinleniyor.
[2025-12-31 00:26:48] [BİLGİ] Dil sistemi başlatılıyor... (Manuel Yükleme Modu)
[2025-12-31 00:26:48] [BİLGİ] Yükleniyor: translation.json
[2025-12-31 00:26:48] [BAŞARILI] Dil paketi yüklendi: English (en)
[2025-12-31 00:26:48] [BİLGİ] Yükleniyor: translation.json
[2025-12-31 00:26:48] [BAŞARILI] Dil paketi yüklendi: Türkçe (tr)
[2025-12-31 00:26:48] [BAŞARILI] Çeviri modülleri başarıyla entegre edildi.
[2025-12-31 00:26:50] [BAŞARILI] Firuze göreve hazır!
[2025-12-31 00:26:50] [BAŞARILI] [VoiceManager] Ses XP sistemi başlatıldı. Aralık: 2.5 dk
[2025-12-31 00:29:20] [BİLGİ] [VoiceManager] Tarama tamamlandı. 2 kullanıcıya XP verildi.
[2025-12-31 00:31:50] [BİLGİ] [VoiceManager] Tarama tamamlandı. 2 kullanıcıya XP verildi.
[2025-12-31 00:34:20] [BİLGİ] [VoiceManager] Tarama tamamlandı. 2 kullanıcıya XP verildi.
[2025-12-31 00:36:51] [BİLGİ] [VoiceManager] Tarama tamamlandı. 2 kullanıcıya XP verildi.
[2025-12-31 00:39:21] [BİLGİ] [VoiceManager] Tarama tamamlandı. 2 kullanıcıya XP verildi.
[2025-12-31 00:41:51] [BİLGİ] [VoiceManager] Tarama tamamlandı. 2 kullanıcıya XP verildi.
[2025-12-31 00:44:21] [BİLGİ] [VoiceManager] Tarama tamamlandı. 2 kullanıcıya XP verildi.
[2025-12-31 00:46:51] [BİLGİ] [VoiceManager] Tarama tamamlandı. 2 kullanıcıya XP verildi.
[2025-12-31 00:49:21] [BİLGİ] [VoiceManager] Tarama tamamlandı. 2 kullanıcıya XP verildi.
[2025-12-31 00:51:51] [BİLGİ] [VoiceManager] Tarama tamamlandı. 2 kullanıcıya XP verildi.
[2025-12-31 00:54:21] [BİLGİ] [VoiceManager] Tarama tamamlandı. 2 kullanıcıya XP verildi.
[2025-12-31 00:55:34] [BİLGİ] Bot başlatma protokolü devrede...
[2025-12-31 00:55:34] [BAŞARILI] 6 adet Event başarıyla dinleniyor.
[2025-12-31 00:55:34] [BİLGİ] Dil sistemi başlatılıyor... (Manuel Yükleme Modu)
[2025-12-31 00:55:34] [BİLGİ] Yükleniyor: translation.json
[2025-12-31 00:55:34] [BAŞARILI] Dil paketi yüklendi: English (en)
[2025-12-31 00:55:34] [BİLGİ] Yükleniyor: translation.json
[2025-12-31 00:55:34] [BAŞARILI] Dil paketi yüklendi: Türkçe (tr)
[2025-12-31 00:55:34] [BAŞARILI] Çeviri modülleri başarıyla entegre edildi.
[2025-12-31 00:55:36] [BAŞARILI] Firuze göreve hazır!
[2025-12-31 00:55:36] [BAŞARILI] [VoiceManager] Ses XP sistemi başlatıldı. Aralık: 2.5 dk
[2025-12-31 00:58:06] [BİLGİ] [VoiceManager] Tarama tamamlandı. 2 kullanıcıya XP verildi.
[2025-12-31 01:00:36] [BİLGİ] [VoiceManager] Tarama tamamlandı. 2 kullanıcıya XP verildi.
[2025-12-31 01:02:14] [BİLGİ] Bot başlatma protokolü devrede...
[2025-12-31 01:02:15] [BAŞARILI] 6 adet Event başarıyla dinleniyor.
[2025-12-31 01:02:15] [BİLGİ] Dil sistemi başlatılıyor... (Manuel Yükleme Modu)
[2025-12-31 01:02:15] [BİLGİ] Yükleniyor: translation.json
[2025-12-31 01:02:15] [BAŞARILI] Dil paketi yüklendi: English (en)
[2025-12-31 01:02:15] [BİLGİ] Yükleniyor: translation.json
[2025-12-31 01:02:15] [BAŞARILI] Dil paketi yüklendi: Türkçe (tr)
[2025-12-31 01:02:15] [BAŞARILI] Çeviri modülleri başarıyla entegre edildi.
[2025-12-31 01:02:17] [BAŞARILI] Firuze göreve hazır!
[2025-12-31 01:02:17] [BAŞARILI] [VoiceManager] Ses XP sistemi başlatıldı. Aralık: 2.5 dk
[2025-12-31 01:03:54] [BİLGİ] Bot başlatma protokolü devrede...
[2025-12-31 01:03:54] [BAŞARILI] 6 adet Event başarıyla dinleniyor.
[2025-12-31 01:03:54] [BİLGİ] Dil sistemi başlatılıyor... (Manuel Yükleme Modu)
[2025-12-31 01:03:54] [BİLGİ] Yükleniyor: translation.json
[2025-12-31 01:03:54] [BAŞARILI] Dil paketi yüklendi: English (en)
[2025-12-31 01:03:54] [BİLGİ] Yükleniyor: translation.json
[2025-12-31 01:03:54] [BAŞARILI] Dil paketi yüklendi: Türkçe (tr)
[2025-12-31 01:03:54] [BAŞARILI] Çeviri modülleri başarıyla entegre edildi.
[2025-12-31 01:03:56] [BAŞARILI] Firuze göreve hazır!
[2025-12-31 01:03:56] [BAŞARILI] [VoiceManager] Ses XP sistemi başlatıldı. Aralık: 2.5 dk
[2025-12-31 01:06:26] [BİLGİ] [VoiceManager] Tarama tamamlandı. 2 kullanıcıya XP verildi.
[2025-12-31 01:07:59] [BİLGİ] Bot başlatma protokolü devrede...
[2025-12-31 01:07:59] [BAŞARILI] 6 adet Event başarıyla dinleniyor.
[2025-12-31 01:07:59] [BİLGİ] Dil sistemi başlatılıyor... (Manuel Yükleme Modu)
[2025-12-31 01:07:59] [BİLGİ] Yükleniyor: translation.json
[2025-12-31 01:07:59] [BAŞARILI] Dil paketi yüklendi: English (en)
[2025-12-31 01:07:59] [BİLGİ] Yükleniyor: translation.json
[2025-12-31 01:07:59] [BAŞARILI] Dil paketi yüklendi: Türkçe (tr)
[2025-12-31 01:07:59] [BAŞARILI] Çeviri modülleri başarıyla entegre edildi.
[2025-12-31 01:08:01] [BAŞARILI] Firuze göreve hazır!
[2025-12-31 01:08:01] [BAŞARILI] [VoiceManager] Ses XP sistemi başlatıldı. Aralık: 2.5 dk
[2025-12-31 23:15:39] [BİLGİ] [VoiceManager] Tarama tamamlandı. 1 kullanıcıya XP verildi.
[2025-12-31 23:18:09] [BİLGİ] [VoiceManager] Tarama tamamlandı. 3 kullanıcıya XP verildi.
[2025-12-31 23:20:39] [BİLGİ] [VoiceManager] Tarama tamamlandı. 3 kullanıcıya XP verildi.
[2025-12-31 23:23:09] [BİLGİ] [VoiceManager] Tarama tamamlandı. 3 kullanıcıya XP verildi.
[2025-12-31 23:25:39] [BİLGİ] [VoiceManager] Tarama tamamlandı. 3 kullanıcıya XP verildi.
[2025-12-31 23:28:09] [BİLGİ] [VoiceManager] Tarama tamamlandı. 3 kullanıcıya XP verildi.
[2025-12-31 23:30:39] [BİLGİ] [VoiceManager] Tarama tamamlandı. 3 kullanıcıya XP verildi.
[2025-12-31 23:33:09] [BİLGİ] [VoiceManager] Tarama tamamlandı. 3 kullanıcıya XP verildi.
[2025-12-31 23:35:39] [BİLGİ] [VoiceManager] Tarama tamamlandı. 4 kullanıcıya XP verildi.
[2025-12-31 23:38:09] [BİLGİ] [VoiceManager] Tarama tamamlandı. 4 kullanıcıya XP verildi.
[2025-12-31 23:40:39] [BİLGİ] [VoiceManager] Tarama tamamlandı. 4 kullanıcıya XP verildi.
[2025-12-31 23:43:09] [BİLGİ] [VoiceManager] Tarama tamamlandı. 4 kullanıcıya XP verildi.
[2025-12-31 23:45:39] [BİLGİ] [VoiceManager] Tarama tamamlandı. 4 kullanıcıya XP verildi.
[2025-12-31 23:48:09] [BİLGİ] [VoiceManager] Tarama tamamlandı. 7 kullanıcıya XP verildi.
[2025-12-31 23:50:39] [BİLGİ] [VoiceManager] Tarama tamamlandı. 9 kullanıcıya XP verildi.
[2025-12-31 23:53:09] [BİLGİ] [VoiceManager] Tarama tamamlandı. 9 kullanıcıya XP verildi.
[2025-12-31 23:55:39] [BİLGİ] [VoiceManager] Tarama tamamlandı. 8 kullanıcıya XP verildi.
[2025-12-31 23:58:09] [BİLGİ] [VoiceManager] Tarama tamamlandı. 7 kullanıcıya XP verildi.
[2026-01-01 00:00:39] [BİLGİ] [VoiceManager] Tarama tamamlandı. 9 kullanıcıya XP verildi.
[2026-01-01 00:03:09] [BİLGİ] [VoiceManager] Tarama tamamlandı. 7 kullanıcıya XP verildi.
[2026-01-01 00:05:39] [BİLGİ] [VoiceManager] Tarama tamamlandı. 7 kullanıcıya XP verildi.
[2026-01-01 00:08:09] [BİLGİ] [VoiceManager] Tarama tamamlandı. 7 kullanıcıya XP verildi.
[2026-01-01 00:10:39] [BİLGİ] [VoiceManager] Tarama tamamlandı. 7 kullanıcıya XP verildi.
[2026-01-01 00:13:09] [BİLGİ] [VoiceManager] Tarama tamamlandı. 6 kullanıcıya XP verildi.
[2026-01-01 00:15:39] [BİLGİ] [VoiceManager] Tarama tamamlandı. 6 kullanıcıya XP verildi.
[2026-01-01 00:18:09] [BİLGİ] [VoiceManager] Tarama tamamlandı. 6 kullanıcıya XP verildi.
[2026-01-01 00:20:39] [BİLGİ] [VoiceManager] Tarama tamamlandı. 6 kullanıcıya XP verildi.
[2026-01-01 00:23:09] [BİLGİ] [VoiceManager] Tarama tamamlandı. 6 kullanıcıya XP verildi.
[2026-01-01 00:25:39] [BİLGİ] [VoiceManager] Tarama tamamlandı. 2 kullanıcıya XP verildi.
[2026-01-01 00:28:09] [BİLGİ] [VoiceManager] Tarama tamamlandı. 3 kullanıcıya XP verildi.
[2026-01-01 00:30:39] [BİLGİ] [VoiceManager] Tarama tamamlandı. 3 kullanıcıya XP verildi.
[2026-01-01 00:33:09] [BİLGİ] [VoiceManager] Tarama tamamlandı. 3 kullanıcıya XP verildi.
[2026-01-01 00:35:39] [BİLGİ] [VoiceManager] Tarama tamamlandı. 3 kullanıcıya XP verildi.
[2026-01-01 00:38:09] [BİLGİ] [VoiceManager] Tarama tamamlandı. 3 kullanıcıya XP verildi.
[2026-01-01 00:40:39] [BİLGİ] [VoiceManager] Tarama tamamlandı. 3 kullanıcıya XP verildi.
[2026-01-01 00:43:09] [BİLGİ] [VoiceManager] Tarama tamamlandı. 3 kullanıcıya XP verildi.
[2026-01-01 00:45:39] [BİLGİ] [VoiceManager] Tarama tamamlandı. 3 kullanıcıya XP verildi.
[2026-01-01 00:48:09] [BİLGİ] [VoiceManager] Tarama tamamlandı. 3 kullanıcıya XP verildi.
[2026-01-01 00:50:39] [BİLGİ] [VoiceManager] Tarama tamamlandı. 3 kullanıcıya XP verildi.
[2026-01-01 00:53:09] [BİLGİ] [VoiceManager] Tarama tamamlandı. 3 kullanıcıya XP verildi.
[2026-01-01 00:55:39] [BİLGİ] [VoiceManager] Tarama tamamlandı. 2 kullanıcıya XP verildi.
[2026-01-01 00:58:09] [BİLGİ] [VoiceManager] Tarama tamamlandı. 2 kullanıcıya XP verildi.
[2026-01-01 01:00:39] [BİLGİ] [VoiceManager] Tarama tamamlandı. 2 kullanıcıya XP verildi.
[2026-01-01 01:03:09] [BİLGİ] [VoiceManager] Tarama tamamlandı. 2 kullanıcıya XP verildi.
[2026-01-01 01:05:39] [BİLGİ] [VoiceManager] Tarama tamamlandı. 2 kullanıcıya XP verildi.
[2026-01-01 01:08:09] [BİLGİ] [VoiceManager] Tarama tamamlandı. 3 kullanıcıya XP verildi.
[2026-01-01 01:10:39] [BİLGİ] [VoiceManager] Tarama tamamlandı. 3 kullanıcıya XP verildi.
[2026-01-01 01:13:09] [BİLGİ] [VoiceManager] Tarama tamamlandı. 3 kullanıcıya XP verildi.
[2026-01-01 01:15:39] [BİLGİ] [VoiceManager] Tarama tamamlandı. 3 kullanıcıya XP verildi.
[2026-01-01 01:18:09] [BİLGİ] [VoiceManager] Tarama tamamlandı. 3 kullanıcıya XP verildi.
[2026-01-01 01:20:39] [BİLGİ] [VoiceManager] Tarama tamamlandı. 3 kullanıcıya XP verildi.
[2026-01-01 01:23:09] [BİLGİ] [VoiceManager] Tarama tamamlandı. 3 kullanıcıya XP verildi.
[2026-01-01 01:25:39] [BİLGİ] [VoiceManager] Tarama tamamlandı. 3 kullanıcıya XP verildi.
[2026-01-01 01:28:09] [BİLGİ] [VoiceManager] Tarama tamamlandı. 3 kullanıcıya XP verildi.
[2026-01-01 01:30:39] [BİLGİ] [VoiceManager] Tarama tamamlandı. 3 kullanıcıya XP verildi.
[2026-01-01 01:33:09] [BİLGİ] [VoiceManager] Tarama tamamlandı. 3 kullanıcıya XP verildi.
[2026-01-01 01:35:39] [BİLGİ] [VoiceManager] Tarama tamamlandı. 3 kullanıcıya XP verildi.
[2026-01-01 01:38:09] [BİLGİ] [VoiceManager] Tarama tamamlandı. 3 kullanıcıya XP verildi.
[2026-01-01 01:40:39] [BİLGİ] [VoiceManager] Tarama tamamlandı. 3 kullanıcıya XP verildi.
[2026-01-01 01:43:09] [BİLGİ] [VoiceManager] Tarama tamamlandı. 3 kullanıcıya XP verildi.
[2026-01-01 01:45:39] [BİLGİ] [VoiceManager] Tarama tamamlandı. 3 kullanıcıya XP verildi.
[2026-01-01 01:48:09] [BİLGİ] [VoiceManager] Tarama tamamlandı. 2 kullanıcıya XP verildi.
[2026-01-01 01:50:39] [BİLGİ] [VoiceManager] Tarama tamamlandı. 2 kullanıcıya XP verildi.
[2026-01-01 01:53:09] [BİLGİ] [VoiceManager] Tarama tamamlandı. 2 kullanıcıya XP verildi.
[2026-01-01 01:55:39] [BİLGİ] [VoiceManager] Tarama tamamlandı. 2 kullanıcıya XP verildi.
[2026-01-01 01:58:09] [BİLGİ] [VoiceManager] Tarama tamamlandı. 2 kullanıcıya XP verildi.
[2026-01-01 02:00:39] [BİLGİ] [VoiceManager] Tarama tamamlandı. 2 kullanıcıya XP verildi.
[2026-01-01 02:03:09] [BİLGİ] [VoiceManager] Tarama tamamlandı. 2 kullanıcıya XP verildi.
[2026-01-01 02:05:39] [BİLGİ] [VoiceManager] Tarama tamamlandı. 2 kullanıcıya XP verildi.
[2026-01-01 02:08:09] [BİLGİ] [VoiceManager] Tarama tamamlandı. 2 kullanıcıya XP verildi.
[2026-01-01 02:10:39] [BİLGİ] [VoiceManager] Tarama tamamlandı. 2 kullanıcıya XP verildi.
[2026-01-01 02:13:09] [BİLGİ] [VoiceManager] Tarama tamamlandı. 2 kullanıcıya XP verildi.
[2026-01-01 02:15:39] [BİLGİ] [VoiceManager] Tarama tamamlandı. 2 kullanıcıya XP verildi.
[2026-01-01 08:25:06] [HATA] Unhandled Rejection: DiscordAPIError[50001]: Missing Access
[2026-01-01 08:25:06] [HATA] Stack: DiscordAPIError[50001]: Missing Access
    at handleErrors (C:\Users\fatal\Desktop\discord-xp-bot\node_modules\@discordjs\rest\dist\index.js:762:13)
    at process.processTicksAndRejections (node:internal/process/task_queues:105:5)
    at async SequentialHandler.runRequest (C:\Users\fatal\Desktop\discord-xp-bot\node_modules\@discordjs\rest\dist\index.js:1163:23)
    at async SequentialHandler.queueRequest (C:\Users\fatal\Desktop\discord-xp-bot\node_modules\@discordjs\rest\dist\index.js:994:14)
    at async _REST.request (C:\Users\fatal\Desktop\discord-xp-bot\node_modules\@discordjs\rest\dist\index.js:1307:22)
    at async TextChannel.send (C:\Users\fatal\Desktop\discord-xp-bot\node_modules\discord.js\src\structures\interfaces\TextBasedChannel.js:195:15)
[2026-01-01 10:42:33] [HATA] Uncaught Exception: Unknown interaction
[2026-01-01 10:42:33] [HATA] Stack: DiscordAPIError[10062]: Unknown interaction
    at handleErrors (C:\Users\fatal\Desktop\discord-xp-bot\node_modules\@discordjs\rest\dist\index.js:762:13)
    at process.processTicksAndRejections (node:internal/process/task_queues:105:5)
    at async BurstHandler.runRequest (C:\Users\fatal\Desktop\discord-xp-bot\node_modules\@discordjs\rest\dist\index.js:866:23)
    at async _REST.request (C:\Users\fatal\Desktop\discord-xp-bot\node_modules\@discordjs\rest\dist\index.js:1307:22)
    at async ModalSubmitInteraction.deferReply (C:\Users\fatal\Desktop\discord-xp-bot\node_modules\discord.js\src\structures\interfaces\InteractionResponses.js:122:22)
    at async Client.modalListener (C:\Users\fatal\Desktop\discord-xp-bot\slashCommands\owner\owner.js:161:13)
[2026-01-01 17:18:11] [BİLGİ] [VoiceManager] Tarama tamamlandı. 1 kullanıcıya XP verildi.
[2026-01-01 17:25:41] [BİLGİ] [VoiceManager] Tarama tamamlandı. 1 kullanıcıya XP verildi.
[2026-01-01 17:28:11] [BİLGİ] [VoiceManager] Tarama tamamlandı. 1 kullanıcıya XP verildi.
[2026-01-01 17:30:41] [BİLGİ] [VoiceManager] Tarama tamamlandı. 1 kullanıcıya XP verildi.
[2026-01-01 17:33:11] [BİLGİ] [VoiceManager] Tarama tamamlandı. 1 kullanıcıya XP verildi.
[2026-01-01 17:35:41] [BİLGİ] [VoiceManager] Tarama tamamlandı. 1 kullanıcıya XP verildi.
[2026-01-01 17:38:11] [BİLGİ] [VoiceManager] Tarama tamamlandı. 1 kullanıcıya XP verildi.
[2026-01-01 17:40:41] [BİLGİ] [VoiceManager] Tarama tamamlandı. 1 kullanıcıya XP verildi.
[2026-01-01 17:43:11] [BİLGİ] [VoiceManager] Tarama tamamlandı. 2 kullanıcıya XP verildi.
[2026-01-01 17:45:41] [BİLGİ] [VoiceManager] Tarama tamamlandı. 2 kullanıcıya XP verildi.
[2026-01-01 17:48:11] [BİLGİ] [VoiceManager] Tarama tamamlandı. 2 kullanıcıya XP verildi.
[2026-01-01 17:50:41] [BİLGİ] [VoiceManager] Tarama tamamlandı. 2 kullanıcıya XP verildi.
[2026-01-01 17:53:11] [BİLGİ] [VoiceManager] Tarama tamamlandı. 2 kullanıcıya XP verildi.
[2026-01-01 17:55:41] [BİLGİ] [VoiceManager] Tarama tamamlandı. 2 kullanıcıya XP verildi.
[2026-01-01 17:58:11] [BİLGİ] [VoiceManager] Tarama tamamlandı. 2 kullanıcıya XP verildi.
[2026-01-01 18:00:41] [BİLGİ] [VoiceManager] Tarama tamamlandı. 2 kullanıcıya XP verildi.
[2026-01-01 18:03:11] [BİLGİ] [VoiceManager] Tarama tamamlandı. 2 kullanıcıya XP verildi.
[2026-01-01 18:05:41] [BİLGİ] [VoiceManager] Tarama tamamlandı. 2 kullanıcıya XP verildi.
[2026-01-01 18:08:11] [BİLGİ] [VoiceManager] Tarama tamamlandı. 2 kullanıcıya XP verildi.
[2026-01-01 18:10:41] [BİLGİ] [VoiceManager] Tarama tamamlandı. 1 kullanıcıya XP verildi.
[2026-01-01 18:13:11] [BİLGİ] [VoiceManager] Tarama tamamlandı. 1 kullanıcıya XP verildi.
[2026-01-01 18:15:41] [BİLGİ] [VoiceManager] Tarama tamamlandı. 1 kullanıcıya XP verildi.
[2026-01-01 18:18:11] [BİLGİ] [VoiceManager] Tarama tamamlandı. 1 kullanıcıya XP verildi.
[2026-01-01 18:20:41] [BİLGİ] [VoiceManager] Tarama tamamlandı. 1 kullanıcıya XP verildi.
[2026-01-01 18:23:11] [BİLGİ] [VoiceManager] Tarama tamamlandı. 1 kullanıcıya XP verildi.
[2026-01-01 18:25:41] [BİLGİ] [VoiceManager] Tarama tamamlandı. 1 kullanıcıya XP verildi.
[2026-01-01 18:28:11] [BİLGİ] [VoiceManager] Tarama tamamlandı. 1 kullanıcıya XP verildi.
[2026-01-01 18:30:41] [BİLGİ] [VoiceManager] Tarama tamamlandı. 1 kullanıcıya XP verildi.
[2026-01-01 18:33:11] [BİLGİ] [VoiceManager] Tarama tamamlandı. 1 kullanıcıya XP verildi.
[2026-01-01 18:35:41] [BİLGİ] [VoiceManager] Tarama tamamlandı. 1 kullanıcıya XP verildi.
[2026-01-01 18:38:11] [BİLGİ] [VoiceManager] Tarama tamamlandı. 1 kullanıcıya XP verildi.
[2026-01-01 18:40:41] [BİLGİ] [VoiceManager] Tarama tamamlandı. 1 kullanıcıya XP verildi.
[2026-01-01 18:43:11] [BİLGİ] [VoiceManager] Tarama tamamlandı. 1 kullanıcıya XP verildi.
[2026-01-01 18:45:41] [BİLGİ] [VoiceManager] Tarama tamamlandı. 1 kullanıcıya XP verildi.
[2026-01-01 18:48:11] [BİLGİ] [VoiceManager] Tarama tamamlandı. 1 kullanıcıya XP verildi.
[2026-01-01 18:50:41] [BİLGİ] [VoiceManager] Tarama tamamlandı. 1 kullanıcıya XP verildi.
[2026-01-01 18:53:11] [BİLGİ] [VoiceManager] Tarama tamamlandı. 1 kullanıcıya XP verildi.
