[2025-12-16 23:37:34] [HATA] Uncaught Exception: REST is not defined
[2025-12-16 23:37:34] [HATA] Stack: ReferenceError: REST is not defined
    at Object.<anonymous> (C:\Users\fatal\Desktop\discord-xp-bot\index.js:46:14)
    at Module._compile (node:internal/modules/cjs/loader:1706:14)
    at Object..js (node:internal/modules/cjs/loader:1839:10)
    at Module.load (node:internal/modules/cjs/loader:1441:32)
    at Function._load (node:internal/modules/cjs/loader:1263:12)
    at TracingChannel.traceSync (node:diagnostics_channel:328:14)
    at wrapModuleLoad (node:internal/modules/cjs/loader:237:24)
    at Function.executeUserEntryPoint [as runMain] (node:internal/modules/run_main:171:5)
    at node:internal/main/run_main_module:36:49
[2025-12-16 23:38:06] [HATA] Uncaught Exception: token is not defined
[2025-12-16 23:38:06] [HATA] Stack: ReferenceError: token is not defined
    at Object.<anonymous> (C:\Users\fatal\Desktop\discord-xp-bot\index.js:46:51)
    at Module._compile (node:internal/modules/cjs/loader:1706:14)
    at Object..js (node:internal/modules/cjs/loader:1839:10)
    at Module.load (node:internal/modules/cjs/loader:1441:32)
    at Function._load (node:internal/modules/cjs/loader:1263:12)
    at TracingChannel.traceSync (node:diagnostics_channel:328:14)
    at wrapModuleLoad (node:internal/modules/cjs/loader:237:24)
    at Function.executeUserEntryPoint [as runMain] (node:internal/modules/run_main:171:5)
    at node:internal/main/run_main_module:36:49
